Arguments: 
  C:\Program Files\nodejs\node.exe C:\Users\doug\AppData\Roaming\npm\node_modules\yarn\bin\yarn.js add -D react @type/react fork-ts-checker-webpack-plugin ts-loader typescript webpack webpack-cli

PATH: 
  C:\Program Files (x86)\Common Files\Oracle\Java\javapath;C:\Program Files\Docker\Docker\Resources\bin;C:\Program Files\Dell\DW WLAN Card;C:\Windows\system32;C:\Windows;C:\Windows\System32\Wbem;C:\Windows\System32\WindowsPowerShell\v1.0\;C:\Program Files\WIDCOMM\Bluetooth Software\;C:\Program Files\WIDCOMM\Bluetooth Software\syswow64;C:\Program Files (x86)\NVIDIA Corporation\PhysX\Common;C:\Users\doug\.dnx\bin;C:\Program Files\Microsoft DNX\Dnvm\;C:\WINDOWS\system32;C:\WINDOWS;C:\WINDOWS\System32\Wbem;C:\WINDOWS\System32\WindowsPowerShell\v1.0\;C:\Program Files (x86)\Common Files\Intuit\QBPOSSDKRuntime;C:\Users\doug\AppData\Local\Programs\Git\cmd;C:\Program Files (x86)\Common Files\Acronis\VirtualFile\;C:\Program Files (x86)\Common Files\Acronis\VirtualFile64\;C:\Program Files (x86)\Common Files\Acronis\SnapAPI\;C:\Program Files (x86)\Windows Kits\8.1\Windows Performance Toolkit\;C:\Program Files\TortoiseGit\bin;C:\Program Files\nodejs\;C:\HashiCorp\Vagrant\bin;C:\Go\bin;C:\Program Files\Amazon\AWSCLI\;C:\Program Files\erl9.2\bin;C:\Program Files (x86)\Elixir\bin;C:\Users\doug\.mix\escripts;C:\Program Files (x86)\Microsoft Visual Studio 14.0\VC\bin;C:\Program Files\Intel\WiFi\bin\;C:\Program Files\Common Files\Intel\WirelessCommon\;C:\WINDOWS\System32\OpenSSH\;C:\Program Files (x86)\Microsoft VS Code\bin;C:\Users\doug\.windows-build-tools\python27\;C:\Users\doug\AppData\Roaming\npm\node_modules\npm\bin\node-gyp-bin;C:\Users\doug\AppData\Roaming\npm\node_modules\windows-build-tools\node_modules\.bin;C:\Users\doug\AppData\Roaming\npm\node_modules\.bin;C:\Program Files\Docker\Docker\Resources\bin;C:\Program Files\Dell\DW WLAN Card;C:\Windows\system32;C:\Windows;C:\Windows\System32\Wbem;C:\Windows\System32\WindowsPowerShell\v1.0\;C:\Program Files\WIDCOMM\Bluetooth Software\;C:\Program Files\WIDCOMM\Bluetooth Software\syswow64;C:\Program Files (x86)\NVIDIA Corporation\PhysX\Common;C:\Users\doug\.dnx\bin;C:\Program Files\Microsoft DNX\Dnvm\;C:\WINDOWS\system32;C:\WINDOWS;C:\WINDOWS\System32\Wbem;C:\WINDOWS\System32\WindowsPowerShell\v1.0\;C:\Program Files (x86)\Common Files\Intuit\QBPOSSDKRuntime;C:\Users\doug\AppData\Local\Programs\Git\cmd;C:\Program Files\Amazon\AWSCLI\;C:\Program Files (x86)\Common Files\Acronis\VirtualFile\;C:\Program Files (x86)\Common Files\Acronis\VirtualFile64\;C:\Program Files (x86)\Common Files\Acronis\SnapAPI\;C:\Program Files (x86)\Windows Kits\8.1\Windows Performance Toolkit\;C:\Program Files\TortoiseGit\bin;C:\Program Files\nodejs\;C:\HashiCorp\Vagrant\bin;C:\Go\bin;C:\shortcuts;C:\Users\doug\AppData\Local\Microsoft\WindowsApps;C:\Program Files (x86)\Microsoft VS Code\bin;C:\Users\doug\AppData\Roaming\npm;c:\users\doug\go\bin;C:\Program Files\Intel\WiFi\bin\;C:\Program Files\Common Files\Intel\WirelessCommon\;%USERPROFILE%\AppData\Local\Microsoft\WindowsApps;

Yarn version: 
  0.19.1

Node version: 
  8.9.1

Platform: 
  win32 x64

npm manifest: 
  {
    "name": "collaborative-learning",
    "version": "0.0.1",
    "description": "Collaborative Learning environment",
    "main": "index.js",
    "scripts": {
      "test": "echo \"Error: no test specified\" && exit 1"
    },
    "repository": {
      "type": "git",
      "url": "git+https://github.com/concord-consortium/collaborative-learning.git"
    },
    "author": "Concord Consortium",
    "license": "MIT",
    "bugs": {
      "url": "https://github.com/concord-consortium/collaborative-learning/issues"
    },
    "homepage": "https://github.com/concord-consortium/collaborative-learning#readme"
  }

yarn manifest: 
  No manifest

Lockfile: 
  No lockfile

Trace: 
  Error: https://registry.yarnpkg.com/@type%2freact: Not found
      at Request.params.callback [as _callback] (C:\Users\doug\AppData\Roaming\npm\node_modules\yarn\lib\util\request-manager.js:313:18)
      at Request.self.callback (C:\Users\doug\AppData\Roaming\npm\node_modules\yarn\node_modules\request\request.js:186:22)
      at emitTwo (events.js:126:13)
      at Request.emit (events.js:214:7)
      at Request.<anonymous> (C:\Users\doug\AppData\Roaming\npm\node_modules\yarn\node_modules\request\request.js:1081:10)
      at emitOne (events.js:116:13)
      at Request.emit (events.js:211:7)
      at IncomingMessage.<anonymous> (C:\Users\doug\AppData\Roaming\npm\node_modules\yarn\node_modules\request\request.js:1001:12)
      at Object.onceWrapper (events.js:313:30)
      at emitNone (events.js:111:20)
